Arguments: 
  C:\Program Files\nodejs\node.exe C:\Program Files (x86)\Yarn\bin\yarn.js start

PATH: 
  D:\Misc\ConEmuPack.180626\ConEmu\Scripts;D:\Misc\ConEmuPack.180626;D:\Misc\ConEmuPack.180626\ConEmu;C:\Program Files\Microsoft MPI\Bin\;C:\WINDOWS\system32\WBEM;C:\WINDOWS\system32\WBEM;C:\Program Files (x86)\Common Files\Oracle\Java\javapath;C:\ProgramData\Oracle\Java\javapath;C:\Windows\system32;C:\Windows;C:\Windows\System32\Wbem;C:\Windows\System32\WindowsPowerShell\v1.0\;C:\Program Files (x86)\NVIDIA Corporation\PhysX\Common;C:\Program Files\Microsoft SQL Server\130\Tools\Binn\;C:\Program Files\dotnet\;C:\Program Files\Git\cmd;C:\WINDOWS\system32;C:\WINDOWS;C:\WINDOWS\System32\Wbem;C:\WINDOWS\System32\WindowsPowerShell\v1.0\;C:\Program Files\Microsoft SQL Server\Client SDK\ODBC\110\Tools\Binn\;C:\Program Files (x86)\Microsoft SQL Server\120\Tools\Binn\;C:\Program Files\Microsoft SQL Server\120\Tools\Binn\;C:\Program Files\Microsoft SQL Server\120\DTS\Binn\;C:\Program Files (x86)\Microsoft SQL Server\120\Tools\Binn\ManagementStudio\;C:\Program Files (x86)\Microsoft SQL Server\120\DTS\Binn\;C:\Program Files (x86)\Microsoft Emulator Manager\1.0\;C:\Program Files\Microsoft\Web Platform Installer\;C:\Users\msm\.dnx\bin;C:\Program Files\Microsoft DNX\Dnvm\;C:\Program Files (x86)\Yarn\bin\;C:\Program Files\nodejs\;C:\WINDOWS\System32\OpenSSH\;C:\Program Files\Microsoft VS Code\bin;C:\Program Files\Git\bin;C:\Users\msm\AppData\Local\Microsoft\WindowsApps;C:\Users\msm\AppData\Local\Programs\Fiddler;C:\Users\msm\AppData\Local\Yarn\bin;C:\Users\msm\AppData\Roaming\npm;C:\Users\msm\AppData\Local\Programs\Microsoft VS Code\bin;C:\Program Files\Microsoft SQL Server\Client SDK\ODBC\130\Tools\Binn\;C:\Program Files (x86)\Microsoft SQL Server\130\Tools\Binn\;C:\Program Files\Microsoft SQL Server\130\DTS\Binn\;C:\Program Files (x86)\Microsoft SQL Server\Client SDK\ODBC\130\Tools\Binn\;C:\Program Files (x86)\Microsoft SQL Server\140\Tools\Binn\;C:\Program Files (x86)\Microsoft SQL Server\140\DTS\Binn\;C:\Program Files (x86)\Microsoft SQL Server\140\Tools\Binn\ManagementStudio\;C:\Program Files\Microsoft SQL Server\140\Tools\Binn\;C:\Program Files\Microsoft SQL Server\140\DTS\Binn\;C:\Program Files\Microsoft VS Code\bin;C:\Program Files\Git\bin;C:\Program Files\nodejs\;C:\Users\msm\AppData\Local\Microsoft\WindowsApps;;C:\Users\msm\AppData\Local\Programs\Fiddler;C:\Users\msm\AppData\Local\Yarn\bin;C:\Users\msm\AppData\Roaming\npm;C:\Users\msm\AppData\Local\Programs\Microsoft VS Code\bin

Yarn version: 
  1.5.1

Node version: 
  8.11.1

Platform: 
  win32 x64

npm manifest: 
  {
    "name": "form-runtime",
    "version": "1.0.0",
    "description": "React Native form runtime",
    "main": "index.js",
    "scripts": {
      "test": "echo \\\"Error: no test specified\\\" && exit 1"
    },
    "keywords": [
      "React-native",
      "native-base",
      "form-runtime"
    ],
    "author": "MSamir",
    "license": "MIT",
    "peerDependencies": {
      "react": ">= 16.3.1",
      "react-native": ">= https://github.com/expo/react-native/archive/sdk-28.0.0.tar.gz",
      "expo": ">= ^28.0.0",
      "native-base": ">= ^2.6.1"
    },
    "devDependencies": {
      "babel-preset-react-native": "^4.0.1"
    }
  }

yarn manifest: 
  No manifest

Lockfile: 
  No lockfile

Trace: 
  Error: Command "start" not found.
      at new MessageError (C:\Program Files (x86)\Yarn\lib\cli.js:186:110)
      at C:\Program Files (x86)\Yarn\lib\cli.js:87307:17
      at Generator.next (<anonymous>)
      at step (C:\Program Files (x86)\Yarn\lib\cli.js:98:30)
      at C:\Program Files (x86)\Yarn\lib\cli.js:116:14
      at new Promise (<anonymous>)
      at new F (C:\Program Files (x86)\Yarn\lib\cli.js:23451:28)
      at C:\Program Files (x86)\Yarn\lib\cli.js:95:12
      at runCommand (C:\Program Files (x86)\Yarn\lib\cli.js:87312:22)
      at Object.<anonymous> (C:\Program Files (x86)\Yarn\lib\cli.js:87412:14)
